<?xml version="1.0" encoding="UTF-8"?>
<testsuite name="com.example.AppTest" tests="1" skipped="0" failures="0" errors="0" timestamp="2025-03-19T04:35:05" hostname="DESKTOP-JNMLGO1" time="0.0">
  <properties/>
  <testcase name="testApp" classname="com.example.AppTest" time="0.0"/>
  <system-out><![CDATA[]]></system-out>
  <system-err><![CDATA[]]></system-err>
</testsuite>
